mktextfm IRANSans
mktextfm IRANSans
mktextfm IRANSans
mktextfm IRANSans/BI
mktextfm IRANSans
mktextfm IRANSans/B
mktextfm IRANSans
mktextfm IRANSans/I
mktextfm IRANSans
mktextfm IRANSans
mktextfm IRANSans
mktextfm IRANSans
mktextfm IRANSans
mktextfm IRANSans
mktextfm IRANSans
mktextfm INAZANIN
mktextfm INAZANIN
mktextfm INAZANIN
mktextfm INAZANIN/BI
mktextfm INAZANIN
mktextfm INAZANIN/B
mktextfm INAZANIN
mktextfm INAZANIN/I
mktextfm INAZANIN
mktextfm INAZANIN
mktextfm INAZANIN
mktextfm INAZANIN
mktextfm INAZANIN
mktextfm INAZANIN
mktextfm INAZANIN
mktextfm INAZANIN
